<?xml version="1.0" encoding="UTF-8"?>
<testng-results ignored="0" total="1" passed="1" failed="0" skipped="0">
  <reporter-output>
  </reporter-output>
  <suite started-at="2022-08-10T15:13:25 CAT" name="End To End Tests" finished-at="2022-08-10T15:13:25 CAT" duration-ms="40">
    <groups>
    </groups>
    <test started-at="2022-08-10T15:13:25 CAT" name="UI Automation" finished-at="2022-08-10T15:13:25 CAT" duration-ms="40">
      <class name="Tests.Test_Runner">
        <test-method signature="Verify_Page_Title()[pri:0, instance:Tests.Test_Runner@57a2ed35]" started-at="2022-08-10T15:13:25 CAT" name="Verify_Page_Title" finished-at="2022-08-10T15:13:25 CAT" duration-ms="11" status="PASS">
          <reporter-output>
          </reporter-output>
        </test-method> <!-- Verify_Page_Title -->
        <test-method is-config="true" signature="Tear_Down()[pri:0, instance:Tests.Test_Runner@57a2ed35]" started-at="2022-08-10T15:13:25 CAT" name="Tear_Down" finished-at="2022-08-10T15:13:25 CAT" duration-ms="783" status="PASS">
          <reporter-output>
          </reporter-output>
        </test-method> <!-- Tear_Down -->
      </class> <!-- Tests.Test_Runner -->
    </test> <!-- UI Automation -->
  </suite> <!-- End To End Tests -->
</testng-results>
