<?xml version="1.0" encoding="UTF-8"?>
<testng-results ignored="0" total="8" passed="8" failed="0" skipped="0">
  <reporter-output>
  </reporter-output>
  <suite started-at="2022-08-10T18:09:38 CAT" name="End To End Tests" finished-at="2022-08-10T18:10:25 CAT" duration-ms="47723">
    <groups>
    </groups>
    <test started-at="2022-08-10T18:09:38 CAT" name="UI Automation" finished-at="2022-08-10T18:10:25 CAT" duration-ms="47723">
      <class name="Tests.Test_Runner">
        <test-method is-config="true" signature="reportSetup()[pri:0, instance:Tests.Test_Runner@e84fb85]" started-at="2022-08-10T18:09:37 CAT" name="reportSetup" finished-at="2022-08-10T18:09:38 CAT" duration-ms="154" status="PASS">
          <reporter-output>
          </reporter-output>
        </test-method> <!-- reportSetup -->
        <test-method signature="Verify_Page_Title_Test()[pri:0, instance:Tests.Test_Runner@e84fb85]" started-at="2022-08-10T18:09:38 CAT" name="Verify_Page_Title_Test" finished-at="2022-08-10T18:09:44 CAT" duration-ms="5856" status="PASS">
          <reporter-output>
          </reporter-output>
        </test-method> <!-- Verify_Page_Title_Test -->
        <test-method is-config="true" signature="tearDown(org.testng.ITestResult)[pri:0, instance:Tests.Test_Runner@e84fb85]" started-at="2022-08-10T18:09:44 CAT" name="tearDown" finished-at="2022-08-10T18:09:44 CAT" duration-ms="1" status="PASS">
          <params>
            <param index="0">
              <value>
                <![CDATA[[TestResult name=Verify_Page_Title_Test status=SUCCESS method=Test_Runner.Verify_Page_Title_Test()[pri:0, instance:Tests.Test_Runner@e84fb85] output={null}]]]>
              </value>
            </param>
          </params>
          <reporter-output>
          </reporter-output>
        </test-method> <!-- tearDown -->
        <test-method signature="Navigate_To_Personal_Loans_Test()[pri:1, instance:Tests.Test_Runner@e84fb85]" started-at="2022-08-10T18:09:44 CAT" name="Navigate_To_Personal_Loans_Test" finished-at="2022-08-10T18:09:52 CAT" duration-ms="8018" status="PASS">
          <reporter-output>
          </reporter-output>
        </test-method> <!-- Navigate_To_Personal_Loans_Test -->
        <test-method is-config="true" signature="tearDown(org.testng.ITestResult)[pri:0, instance:Tests.Test_Runner@e84fb85]" started-at="2022-08-10T18:09:52 CAT" name="tearDown" finished-at="2022-08-10T18:09:52 CAT" duration-ms="1" status="PASS">
          <params>
            <param index="0">
              <value>
                <![CDATA[[TestResult name=Navigate_To_Personal_Loans_Test status=SUCCESS method=Test_Runner.Navigate_To_Personal_Loans_Test()[pri:1, instance:Tests.Test_Runner@e84fb85] output={null}]]]>
              </value>
            </param>
          </params>
          <reporter-output>
          </reporter-output>
        </test-method> <!-- tearDown -->
        <test-method signature="Click_Calculate_Button_Test()[pri:3, instance:Tests.Test_Runner@e84fb85]" started-at="2022-08-10T18:09:52 CAT" name="Click_Calculate_Button_Test" finished-at="2022-08-10T18:09:57 CAT" duration-ms="5851" status="PASS">
          <reporter-output>
          </reporter-output>
        </test-method> <!-- Click_Calculate_Button_Test -->
        <test-method is-config="true" signature="tearDown(org.testng.ITestResult)[pri:0, instance:Tests.Test_Runner@e84fb85]" started-at="2022-08-10T18:09:57 CAT" name="tearDown" finished-at="2022-08-10T18:09:57 CAT" duration-ms="1" status="PASS">
          <params>
            <param index="0">
              <value>
                <![CDATA[[TestResult name=Click_Calculate_Button_Test status=SUCCESS method=Test_Runner.Click_Calculate_Button_Test()[pri:3, instance:Tests.Test_Runner@e84fb85] output={null}]]]>
              </value>
            </param>
          </params>
          <reporter-output>
          </reporter-output>
        </test-method> <!-- tearDown -->
        <test-method signature="Select_Amount_From_Dropdown_Test()[pri:4, instance:Tests.Test_Runner@e84fb85]" started-at="2022-08-10T18:09:57 CAT" name="Select_Amount_From_Dropdown_Test" finished-at="2022-08-10T18:10:03 CAT" duration-ms="6028" status="PASS">
          <reporter-output>
          </reporter-output>
        </test-method> <!-- Select_Amount_From_Dropdown_Test -->
        <test-method is-config="true" signature="tearDown(org.testng.ITestResult)[pri:0, instance:Tests.Test_Runner@e84fb85]" started-at="2022-08-10T18:10:03 CAT" name="tearDown" finished-at="2022-08-10T18:10:03 CAT" duration-ms="0" status="PASS">
          <params>
            <param index="0">
              <value>
                <![CDATA[[TestResult name=Select_Amount_From_Dropdown_Test status=SUCCESS method=Test_Runner.Select_Amount_From_Dropdown_Test()[pri:4, instance:Tests.Test_Runner@e84fb85] output={null}]]]>
              </value>
            </param>
          </params>
          <reporter-output>
          </reporter-output>
        </test-method> <!-- tearDown -->
        <test-method signature="Click_Next_Button_Test()[pri:5, instance:Tests.Test_Runner@e84fb85]" started-at="2022-08-10T18:10:03 CAT" name="Click_Next_Button_Test" finished-at="2022-08-10T18:10:09 CAT" duration-ms="5701" status="PASS">
          <reporter-output>
          </reporter-output>
        </test-method> <!-- Click_Next_Button_Test -->
        <test-method is-config="true" signature="tearDown(org.testng.ITestResult)[pri:0, instance:Tests.Test_Runner@e84fb85]" started-at="2022-08-10T18:10:09 CAT" name="tearDown" finished-at="2022-08-10T18:10:09 CAT" duration-ms="0" status="PASS">
          <params>
            <param index="0">
              <value>
                <![CDATA[[TestResult name=Click_Next_Button_Test status=SUCCESS method=Test_Runner.Click_Next_Button_Test()[pri:5, instance:Tests.Test_Runner@e84fb85] output={null}]]]>
              </value>
            </param>
          </params>
          <reporter-output>
          </reporter-output>
        </test-method> <!-- tearDown -->
        <test-method signature="Select_Period_From_Dropdown_Test()[pri:6, instance:Tests.Test_Runner@e84fb85]" started-at="2022-08-10T18:10:09 CAT" name="Select_Period_From_Dropdown_Test" finished-at="2022-08-10T18:10:15 CAT" duration-ms="5732" status="PASS">
          <reporter-output>
          </reporter-output>
        </test-method> <!-- Select_Period_From_Dropdown_Test -->
        <test-method is-config="true" signature="tearDown(org.testng.ITestResult)[pri:0, instance:Tests.Test_Runner@e84fb85]" started-at="2022-08-10T18:10:15 CAT" name="tearDown" finished-at="2022-08-10T18:10:15 CAT" duration-ms="1" status="PASS">
          <params>
            <param index="0">
              <value>
                <![CDATA[[TestResult name=Select_Period_From_Dropdown_Test status=SUCCESS method=Test_Runner.Select_Period_From_Dropdown_Test()[pri:6, instance:Tests.Test_Runner@e84fb85] output={null}]]]>
              </value>
            </param>
          </params>
          <reporter-output>
          </reporter-output>
        </test-method> <!-- tearDown -->
        <test-method signature="Calculate_Installment_Test()[pri:7, instance:Tests.Test_Runner@e84fb85]" started-at="2022-08-10T18:10:15 CAT" name="Calculate_Installment_Test" finished-at="2022-08-10T18:10:15 CAT" duration-ms="114" status="PASS">
          <reporter-output>
          </reporter-output>
        </test-method> <!-- Calculate_Installment_Test -->
        <test-method is-config="true" signature="tearDown(org.testng.ITestResult)[pri:0, instance:Tests.Test_Runner@e84fb85]" started-at="2022-08-10T18:10:15 CAT" name="tearDown" finished-at="2022-08-10T18:10:15 CAT" duration-ms="0" status="PASS">
          <params>
            <param index="0">
              <value>
                <![CDATA[[TestResult name=Calculate_Installment_Test status=SUCCESS method=Test_Runner.Calculate_Installment_Test()[pri:7, instance:Tests.Test_Runner@e84fb85] output={null}]]]>
              </value>
            </param>
          </params>
          <reporter-output>
          </reporter-output>
        </test-method> <!-- tearDown -->
        <test-method signature="Verify_Installment_Amount_Test()[pri:8, instance:Tests.Test_Runner@e84fb85]" started-at="2022-08-10T18:10:15 CAT" name="Verify_Installment_Amount_Test" finished-at="2022-08-10T18:10:25 CAT" duration-ms="10382" status="PASS">
          <reporter-output>
          </reporter-output>
        </test-method> <!-- Verify_Installment_Amount_Test -->
        <test-method is-config="true" signature="tearDown(org.testng.ITestResult)[pri:0, instance:Tests.Test_Runner@e84fb85]" started-at="2022-08-10T18:10:25 CAT" name="tearDown" finished-at="2022-08-10T18:10:25 CAT" duration-ms="0" status="PASS">
          <params>
            <param index="0">
              <value>
                <![CDATA[[TestResult name=Verify_Installment_Amount_Test status=SUCCESS method=Test_Runner.Verify_Installment_Amount_Test()[pri:8, instance:Tests.Test_Runner@e84fb85] output={null}]]]>
              </value>
            </param>
          </params>
          <reporter-output>
          </reporter-output>
        </test-method> <!-- tearDown -->
        <test-method is-config="true" signature="Tear_Down()[pri:0, instance:Tests.Test_Runner@e84fb85]" started-at="2022-08-10T18:10:25 CAT" name="Tear_Down" finished-at="2022-08-10T18:10:26 CAT" duration-ms="805" status="PASS">
          <reporter-output>
          </reporter-output>
        </test-method> <!-- Tear_Down -->
        <test-method is-config="true" signature="reportTeardown()[pri:0, instance:Tests.Test_Runner@e84fb85]" started-at="2022-08-10T18:10:26 CAT" name="reportTeardown" finished-at="2022-08-10T18:10:27 CAT" depends-on-methods="Tests.Test_Runner.Tear_Down" duration-ms="489" status="PASS">
          <reporter-output>
          </reporter-output>
        </test-method> <!-- reportTeardown -->
      </class> <!-- Tests.Test_Runner -->
    </test> <!-- UI Automation -->
  </suite> <!-- End To End Tests -->
</testng-results>
