<?xml version="1.0" encoding="UTF-8"?>
<!-- Generated by org.testng.reporters.JUnitXMLReporter -->
<testsuite ignored="0" hostname="DESKTOP-Q2JV57L" failures="0" tests="8" name="UI Automation" time="47.723" errors="0" timestamp="2022-08-10T18:10:25 CAT">
  <testcase classname="Tests.Test_Runner" name="Verify_Page_Title_Test" time="5.856"/>
  <testcase classname="Tests.Test_Runner" name="Navigate_To_Personal_Loans_Test" time="8.018"/>
  <testcase classname="Tests.Test_Runner" name="Click_Calculate_Button_Test" time="5.851"/>
  <testcase classname="Tests.Test_Runner" name="Select_Amount_From_Dropdown_Test" time="6.028"/>
  <testcase classname="Tests.Test_Runner" name="Click_Next_Button_Test" time="5.701"/>
  <testcase classname="Tests.Test_Runner" name="Select_Period_From_Dropdown_Test" time="5.732"/>
  <testcase classname="Tests.Test_Runner" name="Calculate_Installment_Test" time="0.114"/>
  <testcase classname="Tests.Test_Runner" name="Verify_Installment_Amount_Test" time="10.382"/>
</testsuite> <!-- UI Automation -->
